# JRE version: Java(TM) SE Runtime Environment (7.0_67-b01) (build 1.7.0_67-b01)
# Java VM: Java HotSpot(TM) Client VM (24.65-b04 mixed mode windows-x86 )
Heap
 def new generation   total 5888K, used 2819K [0x03e00000, 0x04460000, 0x09350000)
  eden space 5248K,  48% used [0x03e00000, 0x04076ec8, 0x04320000)
  from space 640K,  46% used [0x043c0000, 0x04409eb8, 0x04460000)
  to   space 640K,   0% used [0x04320000, 0x04320000, 0x043c0000)
 tenured generation   total 12904K, used 9272K [0x09350000, 0x09fea000, 0x13e00000)
   the space 12904K,  71% used [0x09350000, 0x09c5e1d0, 0x09c5e200, 0x09fea000)
 compacting perm gen  total 19712K, used 19691K [0x13e00000, 0x15140000, 0x17e00000)
   the space 19712K,  99% used [0x13e00000, 0x1513ac30, 0x1513ae00, 0x15140000)
GC Heap History (10 events):
Event: 47.269 GC heap before
{Heap before GC invocations=22 (full 1):
 def new generation   total 5888K, used 5888K [0x03e00000, 0x04460000, 0x09350000)
  eden space 5248K, 100% used [0x03e00000, 0x04320000, 0x04320000)
  from space 640K, 100% used [0x04320000, 0x043c0000, 0x043c0000)
  to   space 640K,   0% used [0x043c0000, 0x043c0000, 0x04460000)
 tenured generation   total 12904K, used 8679K [0x09350000, 0x09fea000, 0x13e00000)
   the space 12904K,  67% used [0x09350000, 0x09bc9f60, 0x09bca000, 0x09fea000)
 compacting perm gen  total 19712K, used 19589K [0x13e00000, 0x15140000, 0x17e00000)
   the space 19712K,  99% used [0x13e00000, 0x15121470, 0x15121600, 0x15140000)
No shared spaces configured.
Event: 47.276 GC heap after
Heap after GC invocations=23 (full 1):
 def new generation   total 5888K, used 252K [0x03e00000, 0x04460000, 0x09350000)
  eden space 5248K,   0% used [0x03e00000, 0x03e00000, 0x04320000)
  from space 640K,  39% used [0x043c0000, 0x043ff1d8, 0x04460000)
  to   space 640K,   0% used [0x04320000, 0x04320000, 0x043c0000)
 tenured generation   total 12904K, used 9272K [0x09350000, 0x09fea000, 0x13e00000)
   the space 12904K,  71% used [0x09350000, 0x09c5e1d0, 0x09c5e200, 0x09fea000)
 compacting perm gen  total 19712K, used 19589K [0x13e00000, 0x15140000, 0x17e00000)
   the space 19712K,  99% used [0x13e00000, 0x15121470, 0x15121600, 0x15140000)
No shared spaces configured.
}
Event: 47.503 GC heap before
{Heap before GC invocations=23 (full 1):
 def new generation   total 5888K, used 5500K [0x03e00000, 0x04460000, 0x09350000)
  eden space 5248K, 100% used [0x03e00000, 0x04320000, 0x04320000)
  from space 640K,  39% used [0x043c0000, 0x043ff1d8, 0x04460000)
  to   space 640K,   0% used [0x04320000, 0x04320000, 0x043c0000)
 tenured generation   total 12904K, used 9272K [0x09350000, 0x09fea000, 0x13e00000)
   the space 12904K,  71% used [0x09350000, 0x09c5e1d0, 0x09c5e200, 0x09fea000)
 compacting perm gen  total 19712K, used 19589K [0x13e00000, 0x15140000, 0x17e00000)
   the space 19712K,  99% used [0x13e00000, 0x15121470, 0x15121600, 0x15140000)
No shared spaces configured.
Event: 47.507 GC heap after
Heap after GC invocations=24 (full 1):
 def new generation   total 5888K, used 80K [0x03e00000, 0x04460000, 0x09350000)
  eden space 5248K,   0% used [0x03e00000, 0x03e00000, 0x04320000)
  from space 640K,  12% used [0x04320000, 0x043342f8, 0x043c0000)
  to   space 640K,   0% used [0x043c0000, 0x043c0000, 0x04460000)
 tenured generation   total 12904K, used 9272K [0x09350000, 0x09fea000, 0x13e00000)
   the space 12904K,  71% used [0x09350000, 0x09c5e1d0, 0x09c5e200, 0x09fea000)
 compacting perm gen  total 19712K, used 19589K [0x13e00000, 0x15140000, 0x17e00000)
   the space 19712K,  99% used [0x13e00000, 0x15121470, 0x15121600, 0x15140000)
No shared spaces configured.
}
Event: 47.810 GC heap before
{Heap before GC invocations=24 (full 1):
 def new generation   total 5888K, used 5328K [0x03e00000, 0x04460000, 0x09350000)
  eden space 5248K, 100% used [0x03e00000, 0x04320000, 0x04320000)
  from space 640K,  12% used [0x04320000, 0x043342f8, 0x043c0000)
  to   space 640K,   0% used [0x043c0000, 0x043c0000, 0x04460000)
 tenured generation   total 12904K, used 9272K [0x09350000, 0x09fea000, 0x13e00000)
   the space 12904K,  71% used [0x09350000, 0x09c5e1d0, 0x09c5e200, 0x09fea000)
 compacting perm gen  total 19712K, used 19589K [0x13e00000, 0x15140000, 0x17e00000)
   the space 19712K,  99% used [0x13e00000, 0x15121470, 0x15121600, 0x15140000)
No shared spaces configured.
Event: 47.812 GC heap after
Heap after GC invocations=25 (full 1):
 def new generation   total 5888K, used 80K [0x03e00000, 0x04460000, 0x09350000)
  eden space 5248K,   0% used [0x03e00000, 0x03e00000, 0x04320000)
  from space 640K,  12% used [0x043c0000, 0x043d42f8, 0x04460000)
  to   space 640K,   0% used [0x04320000, 0x04320000, 0x043c0000)
 tenured generation   total 12904K, used 9272K [0x09350000, 0x09fea000, 0x13e00000)
   the space 12904K,  71% used [0x09350000, 0x09c5e1d0, 0x09c5e200, 0x09fea000)
 compacting perm gen  total 19712K, used 19589K [0x13e00000, 0x15140000, 0x17e00000)
   the space 19712K,  99% used [0x13e00000, 0x15121470, 0x15121600, 0x15140000)
No shared spaces configured.
}
Event: 48.126 GC heap before
{Heap before GC invocations=25 (full 1):
 def new generation   total 5888K, used 5328K [0x03e00000, 0x04460000, 0x09350000)
  eden space 5248K, 100% used [0x03e00000, 0x04320000, 0x04320000)
  from space 640K,  12% used [0x043c0000, 0x043d42f8, 0x04460000)
  to   space 640K,   0% used [0x04320000, 0x04320000, 0x043c0000)
 tenured generation   total 12904K, used 9272K [0x09350000, 0x09fea000, 0x13e00000)
   the space 12904K,  71% used [0x09350000, 0x09c5e1d0, 0x09c5e200, 0x09fea000)
 compacting perm gen  total 19712K, used 19589K [0x13e00000, 0x15140000, 0x17e00000)
   the space 19712K,  99% used [0x13e00000, 0x15121470, 0x15121600, 0x15140000)
No shared spaces configured.
Event: 48.128 GC heap after
Heap after GC invocations=26 (full 1):
 def new generation   total 5888K, used 80K [0x03e00000, 0x04460000, 0x09350000)
  eden space 5248K,   0% used [0x03e00000, 0x03e00000, 0x04320000)
  from space 640K,  12% used [0x04320000, 0x04334318, 0x043c0000)
  to   space 640K,   0% used [0x043c0000, 0x043c0000, 0x04460000)
 tenured generation   total 12904K, used 9272K [0x09350000, 0x09fea000, 0x13e00000)
   the space 12904K,  71% used [0x09350000, 0x09c5e1d0, 0x09c5e200, 0x09fea000)
 compacting perm gen  total 19712K, used 19589K [0x13e00000, 0x15140000, 0x17e00000)
   the space 19712K,  99% used [0x13e00000, 0x15121470, 0x15121600, 0x15140000)
No shared spaces configured.
}
Event: 50.706 GC heap before
{Heap before GC invocations=26 (full 1):
 def new generation   total 5888K, used 5328K [0x03e00000, 0x04460000, 0x09350000)
  eden space 5248K, 100% used [0x03e00000, 0x04320000, 0x04320000)
  from space 640K,  12% used [0x04320000, 0x04334318, 0x043c0000)
  to   space 640K,   0% used [0x043c0000, 0x043c0000, 0x04460000)
 tenured generation   total 12904K, used 9272K [0x09350000, 0x09fea000, 0x13e00000)
   the space 12904K,  71% used [0x09350000, 0x09c5e1d0, 0x09c5e200, 0x09fea000)
 compacting perm gen  total 19712K, used 19670K [0x13e00000, 0x15140000, 0x17e00000)
   the space 19712K,  99% used [0x13e00000, 0x15135a58, 0x15135c00, 0x15140000)
No shared spaces configured.
Event: 50.712 GC heap after
Heap after GC invocations=27 (full 1):
 def new generation   total 5888K, used 295K [0x03e00000, 0x04460000, 0x09350000)
  eden space 5248K,   0% used [0x03e00000, 0x03e00000, 0x04320000)
  from space 640K,  46% used [0x043c0000, 0x04409eb8, 0x04460000)
  to   space 640K,   0% used [0x04320000, 0x04320000, 0x043c0000)
 tenured generation   total 12904K, used 9272K [0x09350000, 0x09fea000, 0x13e00000)
   the space 12904K,  71% used [0x09350000, 0x09c5e1d0, 0x09c5e200, 0x09fea000)
 compacting perm gen  total 19712K, used 19670K [0x13e00000, 0x15140000, 0x17e00000)
   the space 19712K,  99% used [0x13e00000, 0x15135a58, 0x15135c00, 0x15140000)
No shared spaces configured.
}

