# JRE version: Java(TM) SE Runtime Environment (7.0_67-b01) (build 1.7.0_67-b01)
# Java VM: Java HotSpot(TM) Client VM (24.65-b04 mixed mode windows-x86 )
Heap
 def new generation   total 5952K, used 5527K [0x03c00000, 0x04270000, 0x09150000)
  eden space 5312K,  92% used [0x03c00000, 0x040c5d90, 0x04130000)
  from space 640K, 100% used [0x04130000, 0x041d0000, 0x041d0000)
  to   space 640K,   0% used [0x041d0000, 0x041d0000, 0x04270000)
 tenured generation   total 13052K, used 8203K [0x09150000, 0x09e0f000, 0x13c00000)
   the space 13052K,  62% used [0x09150000, 0x09952e18, 0x09953000, 0x09e0f000)
 compacting perm gen  total 19456K, used 19304K [0x13c00000, 0x14f00000, 0x17c00000)
   the space 19456K,  99% used [0x13c00000, 0x14eda030, 0x14eda200, 0x14f00000)
GC Heap History (10 events):
Event: 9.638 GC heap before
{Heap before GC invocations=16 (full 0):
 def new generation   total 4928K, used 4919K [0x03c00000, 0x04150000, 0x09150000)
  eden space 4416K,  99% used [0x03c00000, 0x0404dec0, 0x04050000)
  from space 512K, 100% used [0x04050000, 0x040d0000, 0x040d0000)
  to   space 512K,   0% used [0x040d0000, 0x040d0000, 0x04150000)
 tenured generation   total 10944K, used 9738K [0x09150000, 0x09c00000, 0x13c00000)
   the space 10944K,  88% used [0x09150000, 0x09ad2a50, 0x09ad2c00, 0x09c00000)
 compacting perm gen  total 14848K, used 14650K [0x13c00000, 0x14a80000, 0x17c00000)
   the space 14848K,  98% used [0x13c00000, 0x14a4ebd0, 0x14a4ec00, 0x14a80000)
No shared spaces configured.
Event: 9.647 GC heap after
Heap after GC invocations=17 (full 0):
 def new generation   total 4928K, used 512K [0x03c00000, 0x04150000, 0x09150000)
  eden space 4416K,   0% used [0x03c00000, 0x03c00000, 0x04050000)
  from space 512K, 100% used [0x040d0000, 0x04150000, 0x04150000)
  to   space 512K,   0% used [0x04050000, 0x04050000, 0x040d0000)
 tenured generation   total 10944K, used 9860K [0x09150000, 0x09c00000, 0x13c00000)
   the space 10944K,  90% used [0x09150000, 0x09af13a8, 0x09af1400, 0x09c00000)
 compacting perm gen  total 14848K, used 14650K [0x13c00000, 0x14a80000, 0x17c00000)
   the space 14848K,  98% used [0x13c00000, 0x14a4ebd0, 0x14a4ec00, 0x14a80000)
No shared spaces configured.
}
Event: 9.894 GC heap before
{Heap before GC invocations=17 (full 0):
 def new generation   total 4928K, used 4928K [0x03c00000, 0x04150000, 0x09150000)
  eden space 4416K, 100% used [0x03c00000, 0x04050000, 0x04050000)
  from space 512K, 100% used [0x040d0000, 0x04150000, 0x04150000)
  to   space 512K,   0% used [0x04050000, 0x04050000, 0x040d0000)
 tenured generation   total 10944K, used 9860K [0x09150000, 0x09c00000, 0x13c00000)
   the space 10944K,  90% used [0x09150000, 0x09af13a8, 0x09af1400, 0x09c00000)
 compacting perm gen  total 15104K, used 15085K [0x13c00000, 0x14ac0000, 0x17c00000)
   the space 15104K,  99% used [0x13c00000, 0x14abb4d8, 0x14abb600, 0x14ac0000)
No shared spaces configured.
Event: 9.902 GC heap after
Heap after GC invocations=18 (full 0):
 def new generation   total 4928K, used 512K [0x03c00000, 0x04150000, 0x09150000)
  eden space 4416K,   0% used [0x03c00000, 0x03c00000, 0x04050000)
  from space 512K, 100% used [0x04050000, 0x040d0000, 0x040d0000)
  to   space 512K,   0% used [0x040d0000, 0x040d0000, 0x04150000)
 tenured generation   total 10944K, used 10351K [0x09150000, 0x09c00000, 0x13c00000)
   the space 10944K,  94% used [0x09150000, 0x09b6be30, 0x09b6c000, 0x09c00000)
 compacting perm gen  total 15104K, used 15085K [0x13c00000, 0x14ac0000, 0x17c00000)
   the space 15104K,  99% used [0x13c00000, 0x14abb4d8, 0x14abb600, 0x14ac0000)
No shared spaces configured.
}
Event: 11.815 GC heap before
{Heap before GC invocations=18 (full 0):
 def new generation   total 4928K, used 4928K [0x03c00000, 0x04150000, 0x09150000)
  eden space 4416K, 100% used [0x03c00000, 0x04050000, 0x04050000)
  from space 512K, 100% used [0x04050000, 0x040d0000, 0x040d0000)
  to   space 512K,   0% used [0x040d0000, 0x040d0000, 0x04150000)
 tenured generation   total 10944K, used 10351K [0x09150000, 0x09c00000, 0x13c00000)
   the space 10944K,  94% used [0x09150000, 0x09b6be30, 0x09b6c000, 0x09c00000)
 compacting perm gen  total 15872K, used 15802K [0x13c00000, 0x14b80000, 0x17c00000)
   the space 15872K,  99% used [0x13c00000, 0x14b6eaf8, 0x14b6ec00, 0x14b80000)
No shared spaces configured.
Event: 11.962 GC heap after
Heap after GC invocations=19 (full 1):
 def new generation   total 5952K, used 0K [0x03c00000, 0x04270000, 0x09150000)
  eden space 5312K,   0% used [0x03c00000, 0x03c00000, 0x04130000)
  from space 640K,   0% used [0x04130000, 0x04130000, 0x041d0000)
  to   space 640K,   0% used [0x041d0000, 0x041d0000, 0x04270000)
 tenured generation   total 13052K, used 7829K [0x09150000, 0x09e0f000, 0x13c00000)
   the space 13052K,  59% used [0x09150000, 0x098f57e8, 0x098f5800, 0x09e0f000)
 compacting perm gen  total 15872K, used 15802K [0x13c00000, 0x14b80000, 0x17c00000)
   the space 15872K,  99% used [0x13c00000, 0x14b6eaf8, 0x14b6ec00, 0x14b80000)
No shared spaces configured.
}
Event: 14.704 GC heap before
{Heap before GC invocations=19 (full 1):
 def new generation   total 5952K, used 5312K [0x03c00000, 0x04270000, 0x09150000)
  eden space 5312K, 100% used [0x03c00000, 0x04130000, 0x04130000)
  from space 640K,   0% used [0x04130000, 0x04130000, 0x041d0000)
  to   space 640K,   0% used [0x041d0000, 0x041d0000, 0x04270000)
 tenured generation   total 13052K, used 7829K [0x09150000, 0x09e0f000, 0x13c00000)
   the space 13052K,  59% used [0x09150000, 0x098f57e8, 0x098f5800, 0x09e0f000)
 compacting perm gen  total 16640K, used 16453K [0x13c00000, 0x14c40000, 0x17c00000)
   the space 16640K,  98% used [0x13c00000, 0x14c11520, 0x14c11600, 0x14c40000)
No shared spaces configured.
Event: 14.712 GC heap after
Heap after GC invocations=20 (full 1):
 def new generation   total 5952K, used 640K [0x03c00000, 0x04270000, 0x09150000)
  eden space 5312K,   0% used [0x03c00000, 0x03c00000, 0x04130000)
  from space 640K, 100% used [0x041d0000, 0x04270000, 0x04270000)
  to   space 640K,   0% used [0x04130000, 0x04130000, 0x041d0000)
 tenured generation   total 13052K, used 7956K [0x09150000, 0x09e0f000, 0x13c00000)
   the space 13052K,  60% used [0x09150000, 0x09915330, 0x09915400, 0x09e0f000)
 compacting perm gen  total 16640K, used 16453K [0x13c00000, 0x14c40000, 0x17c00000)
   the space 16640K,  98% used [0x13c00000, 0x14c11520, 0x14c11600, 0x14c40000)
No shared spaces configured.
}
Event: 15.217 GC heap before
{Heap before GC invocations=20 (full 1):
 def new generation   total 5952K, used 5952K [0x03c00000, 0x04270000, 0x09150000)
  eden space 5312K, 100% used [0x03c00000, 0x04130000, 0x04130000)
  from space 640K, 100% used [0x041d0000, 0x04270000, 0x04270000)
  to   space 640K,   0% used [0x04130000, 0x04130000, 0x041d0000)
 tenured generation   total 13052K, used 7956K [0x09150000, 0x09e0f000, 0x13c00000)
   the space 13052K,  60% used [0x09150000, 0x09915330, 0x09915400, 0x09e0f000)
 compacting perm gen  total 17152K, used 17078K [0x13c00000, 0x14cc0000, 0x17c00000)
   the space 17152K,  99% used [0x13c00000, 0x14cad8c0, 0x14cada00, 0x14cc0000)
No shared spaces configured.
Event: 15.224 GC heap after
Heap after GC invocations=21 (full 1):
 def new generation   total 5952K, used 640K [0x03c00000, 0x04270000, 0x09150000)
  eden space 5312K,   0% used [0x03c00000, 0x03c00000, 0x04130000)
  from space 640K, 100% used [0x04130000, 0x041d0000, 0x041d0000)
  to   space 640K,   0% used [0x041d0000, 0x041d0000, 0x04270000)
 tenured generation   total 13052K, used 8203K [0x09150000, 0x09e0f000, 0x13c00000)
   the space 13052K,  62% used [0x09150000, 0x09952e18, 0x09953000, 0x09e0f000)
 compacting perm gen  total 17152K, used 17078K [0x13c00000, 0x14cc0000, 0x17c00000)
   the space 17152K,  99% used [0x13c00000, 0x14cad8c0, 0x14cada00, 0x14cc0000)
No shared spaces configured.
}

